Time Initiated,OriginalTransactionID,RefundTransactionID,Amount,Status
2021-10-26 19:23:25 UTC,0q0eaq8g,q9gxrcht,10.0,Transaction has already been fully refunded.
2021-10-25 20:08:23 UTC,24f5r607,p7dsrsay,10.0,Transaction has already been fully refunded.
2021-10-26 19:24:46 UTC,2a8afdpe,4x0resbj,10.0,Transaction has already been fully refunded.
2021-10-26 19:27:04 UTC,2g1f6ncn,k2sm8xyq,10.0,Transaction has already been fully refunded.
2021-10-26 19:28:29 UTC,35h5aphf,6xrbvtbp,10.0,Transaction has already been fully refunded.
2021-10-26 19:38:26 UTC,4j5ebpf5,nbr0z6s7,10.0,Transaction has already been fully refunded.
2021-10-26 19:38:27 UTC,6192j2ty,rj7s8kn3,10.0,Transaction has already been fully refunded.
2021-10-26 19:38:28 UTC,6tx0me1x,gj0ch3fd,10.0,Transaction has already been fully refunded.
2021-10-26 19:38:29 UTC,75mvpema,2ydd94ry,10.0,Transaction has already been fully refunded.
2021-10-26 19:38:29 UTC,83d1q3xe,p5bz1j06,10.0,Transaction has already been fully refunded.
2021-10-26 19:38:30 UTC,a5h0w4zy,9bcxvygp,10.0,Transaction has already been fully refunded.
2021-10-26 19:38:31 UTC,aafq6xw4,4hn9dv6w,10.0,Transaction has already been fully refunded.
2021-10-26 19:38:32 UTC,ah3aamcc,pyzx3x75,10.0,Transaction has already been fully refunded.
2021-10-26 19:38:33 UTC,b43n9933,aymt0mym,10.0,Transaction has already been fully refunded.
2021-10-26 19:38:33 UTC,b9wt0gsa,5b97g6dv,10.0,Transaction has already been fully refunded.
2021-10-26 19:38:34 UTC,c3gr2w09,j588nsxb,10.0,Transaction has already been fully refunded.
2021-10-26 19:38:35 UTC,cqbhdzh1,etm8e2za,10.0,Transaction has already been fully refunded.
2021-10-26 19:38:35 UTC,e1gf9k0m,20n78fft,10.0,Transaction has already been fully refunded.
2021-10-26 19:38:36 UTC,e4t8ve8r,re3ha9jy,10.0,Transaction has already been fully refunded.
2021-10-26 19:38:37 UTC,ez8na89r,60rxm7jn,10.0,Transaction has already been fully refunded.
2021-10-26 19:38:40 UTC,f5w8dyt0,ptvn5k50,10.0,Transaction has already been fully refunded.
2021-10-26 19:38:44 UTC,fzg6ga0z,mdztyhg3,10.0,Transaction has already been fully refunded.
2021-10-26 19:38:44 UTC,ghp32fxn,0w9e43pe,10.0,Transaction has already been fully refunded.
2021-10-26 19:38:45 UTC,hc4fh9yn,g349grtv,10.0,Transaction has already been fully refunded.
2021-10-26 19:38:46 UTC,jv83qpae,npfw17bm,10.0,Transaction has already been fully refunded.
2021-10-26 19:38:47 UTC,kayn4fs1,6fn0mj77,10.0,Transaction has already been fully refunded.
2021-10-26 19:38:48 UTC,kxz034fr,jg03qtfr,10.0,Transaction has already been fully refunded.
2021-10-26 19:38:48 UTC,m3r4tc5z,afrq0aa2,10.0,Transaction has already been fully refunded.
2021-10-26 19:38:49 UTC,nq00z2kx,9p4rxz33,10.0,Transaction has already been fully refunded.
2021-10-26 19:38:50 UTC,pzg21rfe,rq6fkch9,10.0,Transaction has already been fully refunded.
2021-10-26 19:38:51 UTC,q4erchbm,3x01p8w3,10.0,Transaction has already been fully refunded.
2021-10-26 19:38:51 UTC,q63n5ezp,dgfajffq,10.0,Transaction has already been fully refunded.
2021-10-26 19:38:52 UTC,qs4043pd,4pkzrm32,10.0,Transaction has already been fully refunded.
2021-10-26 19:38:53 UTC,r3vv648t,fxb4sh4m,10.0,Transaction has already been fully refunded.
2021-10-26 19:38:54 UTC,0z93stmw,jser9rw0,10.0,Transaction has already been fully refunded.
2021-10-26 19:38:55 UTC,18c22xk7,kk2pc42z,10.0,Transaction has already been fully refunded.
2021-10-26 19:38:56 UTC,1cga17nc,fjz00c04,10.0,Transaction has already been fully refunded.
2021-10-26 19:38:56 UTC,1ezn6m3f,9zkdfxfb,10.0,Transaction has already been fully refunded.
2021-10-26 19:38:57 UTC,23mwy6e8,ergkhhz4,10.0,Transaction has already been fully refunded.
2021-10-26 19:38:58 UTC,2qfp99z0,n5g44bpw,10.0,Transaction has already been fully refunded.
2021-10-26 19:38:58 UTC,3c4y0w9s,5yn8qpjf,10.0,Transaction has already been fully refunded.
2021-10-26 19:38:59 UTC,54bggbkx,2r5ge9pk,10.0,Transaction has already been fully refunded.
2021-10-26 19:39:00 UTC,5yswz5mx,4bdck04h,10.0,Transaction has already been fully refunded.
2021-10-26 19:39:01 UTC,6vqmkc40,bj0v8538,10.0,Transaction has already been fully refunded.
2021-10-26 19:39:01 UTC,7vz5sdv7,hz0btyv0,10.0,Transaction has already been fully refunded.
2021-10-26 19:39:02 UTC,9yxkaxqr,exf9wava,10.0,Transaction has already been fully refunded.
2021-10-26 19:39:03 UTC,bjzxw2zq,23g8pqbt,10.0,Transaction has already been fully refunded.
2021-10-26 19:39:04 UTC,bq45td1w,0g8cj0xw,10.0,Transaction has already been fully refunded.
2021-10-26 19:39:04 UTC,bskgzsfz,hab43cg7,10.0,Transaction has already been fully refunded.
2021-10-26 19:39:05 UTC,cayz5gjm,p42rhft1,10.0,Transaction has already been fully refunded.
2021-10-26 19:39:06 UTC,cbsdhzcn,9a3qbwah,10.0,Transaction has already been fully refunded.
2021-10-26 19:39:09 UTC,d5dbmakm,a3qne7hg,10.0,Transaction has already been fully refunded.
2021-10-26 19:39:12 UTC,e6fb6v4w,p2dvrj5z,10.0,Transaction has already been fully refunded.
2021-10-26 19:39:13 UTC,fk3m7v2j,4eq64vcn,10.0,Transaction has already been fully refunded.
2021-10-26 19:39:13 UTC,hz502dxe,bnamt0bc,10.0,Transaction has already been fully refunded.
2021-10-26 19:39:15 UTC,kckqfwn5,ejqeta8x,10.0,Transaction has already been fully refunded.
2021-10-26 19:39:16 UTC,mcv8nycc,85qy7gh5,10.0,Transaction has already been fully refunded.
2021-10-26 19:39:17 UTC,n4t9zbz9,mzpzd40n,10.0,Transaction has already been fully refunded.
2021-10-26 19:39:18 UTC,p2jg018d,3c09sd7b,10.0,Transaction has already been fully refunded.
2021-10-26 19:39:19 UTC,qqf8xnad,2jcbq20c,10.0,Transaction has already been fully refunded.
2021-10-26 19:39:19 UTC,1706mjw0,ezeagx5q,10.0,Transaction has already been fully refunded.
2021-10-26 19:39:20 UTC,1b4ejwy5,25f9b9p7,10.0,Transaction has already been fully refunded.
2021-10-26 19:39:21 UTC,29q3011a,7rtvvr70,10.0,Transaction has already been fully refunded.
2021-10-26 19:39:21 UTC,2p3ttz7s,hca4qytm,10.0,Transaction has already been fully refunded.
2021-10-26 19:39:22 UTC,49bpznnq,qs9narjc,10.0,Transaction has already been fully refunded.
2021-10-26 19:39:23 UTC,4gsrfv00,9c2r0emy,10.0,Transaction has already been fully refunded.
2021-10-26 19:39:23 UTC,4r7t00a9,cjjg9vgt,10.0,Transaction has already been fully refunded.
2021-10-26 19:39:24 UTC,5p000nkd,bryj7g9v,10.0,Transaction has already been fully refunded.
2021-10-26 19:39:25 UTC,60qv2p5t,a5pp2svx,10.0,Transaction has already been fully refunded.
2021-10-26 19:39:26 UTC,7r3z5pnx,f1xnp9kt,10.0,Transaction has already been fully refunded.
2021-10-26 19:39:26 UTC,7x2ngfj3,nex693bj,10.0,Transaction has already been fully refunded.
2021-10-26 19:39:27 UTC,9gahn601,rncyjg7e,10.0,Transaction has already been fully refunded.
2021-10-26 19:39:28 UTC,9hzee3m3,0mprbzpc,10.0,Transaction has already been fully refunded.
2021-10-26 19:39:28 UTC,afqmerx7,gn5hv01r,10.0,Transaction has already been fully refunded.
2021-10-26 19:39:29 UTC,aykqf3hs,denshk5w,10.0,Transaction has already been fully refunded.
2021-10-26 19:39:30 UTC,b3jdswdz,71p8yse4,10.0,Transaction has already been fully refunded.
2021-10-26 19:39:31 UTC,bm3dk4pk,k21c21pn,10.0,Transaction has already been fully refunded.
2021-10-26 19:39:31 UTC,byv8n590,a86186a0,10.0,Transaction has already been fully refunded.
2021-10-26 19:39:32 UTC,efvath02,mn986r4k,10.0,Transaction has already been fully refunded.
2021-10-26 19:39:33 UTC,f5b0yj4w,22d5gntt,10.0,Transaction has already been fully refunded.
2021-10-26 19:39:33 UTC,f9f8ww71,62gvwdxn,10.0,Transaction has already been fully refunded.
2021-10-26 19:39:34 UTC,jbts7z0r,h980xaz7,10.0,Transaction has already been fully refunded.
2021-10-26 19:39:35 UTC,jyv46kqf,990m5tsh,10.0,Transaction has already been fully refunded.
2021-10-26 19:39:35 UTC,n7jpfba7,4f8zqqfq,10.0,Transaction has already been fully refunded.
2021-10-26 19:39:36 UTC,p4ge3hsa,kp3v4cm4,10.0,Transaction has already been fully refunded.
2021-10-26 19:39:37 UTC,pppanqp0,e2r8ky3b,10.0,Transaction has already been fully refunded.
2021-10-26 19:39:37 UTC,pttjm1r5,j2vyzp66,10.0,Transaction has already been fully refunded.
2021-10-26 19:39:38 UTC,q9pnmccq,eeaj2dfs,10.0,Transaction has already been fully refunded.
2021-10-26 19:39:39 UTC,qz6brdhh,81b1fkr1,10.0,Transaction has already been fully refunded.
